<?xml version="1.0" encoding="UTF-8"?>
<!-- Generated by org.testng.reporters.JUnitReportReporter -->
<testsuite hostname="raifa" failures="0" tests="1" name="testpkg.Sdtest" time="2.733" errors="0" timestamp="2023-10-12T12:58:28 IST" skipped="0">
  <testcase classname="testpkg.Sdtest" name="values" time="2.733"/>
  <system-out/>
</testsuite> <!-- testpkg.Sdtest -->
